<com.cloudbees.plugins.credentials.impl.UsernamePasswordCredentialsImpl>
  <scope>GLOBAL</scope>
  <id>dummy_id</id>
  <description>token to do something</description>
  <username>dummy_username</username>
  <password>dummy_password</password>
</com.cloudbees.plugins.credentials.impl.UsernamePasswordCredentialsImpl>